Logging initialized for host None.
Logging initialized for host None.
Logging initialized for host None.
Logging initialized for host None.
Logging initialized for host None.
Logging initialized for host None.
Logging initialized for host None.
Logging initialized for host None.
Logging initialized for host None.
Logging initialized for host None.
Logging initialized for host None.
Logging initialized for host None.
Logging initialized for host None.
Logging initialized for host None.
Logging initialized for host None.
Logging initialized for host None.
Logging initialized for host None.
Logging initialized for host None.
Logging initialized for host None.
Logging initialized for host None.
Logging initialized for host None.
Logging initialized for host None.
Logging initialized for host None.
Logging initialized for host None.
Logging initialized for host None.
Logging initialized for host None.
Logging initialized for host None.
Logging initialized for host None.
Logging initialized for host None.
Logging initialized for host None.
Logging initialized for host None.
Logging initialized for host None.
Logging initialized for host None.
Logging initialized for host None.
Logging initialized for host None.
Logging initialized for host None.
Logging initialized for host None.
Logging initialized for host None.
Logging initialized for host None.
Logging initialized for host None.
Logging initialized for host None.
Logging initialized for host None.
Logging initialized for host None.
Logging initialized for host None.
Logging initialized for host None.
Logging initialized for host None.
Logging initialized for host None.
Logging initialized for host None.
Host sandbox-iosxe-latest-1.cisco.com: Command show redundancy was executed successfully with response: Redundant System Information :
------------------------------
       Available system uptime = 1 day, 15 hours, 32 minutes
Switchovers system experienced = 0
              Standby failures = 0
        Last switchover reason = none

                 Hardware Mode = Simplex
    Configured Redundancy Mode = Non-redundant
     Operating Redundancy Mode = Non-redundant
              Maintenance Mode = Disabled
                Communications = Down      Reason: Failure

Current Processor Information :
-------------------------------
               Active Location = slot 6
        Current Software state = ACTIVE
       Uptime in current state = 1 day, 15 hours, 32 minutes
                 Image Version = Cisco IOS Software [Cupertino], Virtual XE Software (X86_64_LINUX_IOSD-UNIVERSALK9-M), Version 17.9.2a, RELEASE SOFTWARE (fc4)
Technical Support: http://www.cisco.com/techsupport
Copyright (c) 1986-2022 by Cisco Systems, Inc.
Compiled Wed 30-Nov-22 02:47 by mcpre
        Configuration register = 0x2102
             Fast Switchover   = Disabled
                Initial Garp   = Disabled

Peer (slot: 7) information is not available because it is in 'DISABLED' state

Host sandbox-iosxe-latest-1.cisco.com: Command show redundancy was executed successfully with response: Redundant System Information :
------------------------------
       Available system uptime = 1 day, 15 hours, 32 minutes
Switchovers system experienced = 0
              Standby failures = 0
        Last switchover reason = none

                 Hardware Mode = Simplex
    Configured Redundancy Mode = Non-redundant
     Operating Redundancy Mode = Non-redundant
              Maintenance Mode = Disabled
                Communications = Down      Reason: Failure

Current Processor Information :
-------------------------------
               Active Location = slot 6
        Current Software state = ACTIVE
       Uptime in current state = 1 day, 15 hours, 32 minutes
                 Image Version = Cisco IOS Software [Cupertino], Virtual XE Software (X86_64_LINUX_IOSD-UNIVERSALK9-M), Version 17.9.2a, RELEASE SOFTWARE (fc4)
Technical Support: http://www.cisco.com/techsupport
Copyright (c) 1986-2022 by Cisco Systems, Inc.
Compiled Wed 30-Nov-22 02:47 by mcpre
        Configuration register = 0x2102
             Fast Switchover   = Disabled
                Initial Garp   = Disabled

Peer (slot: 7) information is not available because it is in 'DISABLED' state

Host sandbox-iosxe-latest-1.cisco.com: Command show redundancy was executed successfully with response: Redundant System Information :
------------------------------
       Available system uptime = 1 day, 15 hours, 32 minutes
Switchovers system experienced = 0
              Standby failures = 0
        Last switchover reason = none

                 Hardware Mode = Simplex
    Configured Redundancy Mode = Non-redundant
     Operating Redundancy Mode = Non-redundant
              Maintenance Mode = Disabled
                Communications = Down      Reason: Failure

Current Processor Information :
-------------------------------
               Active Location = slot 6
        Current Software state = ACTIVE
       Uptime in current state = 1 day, 15 hours, 32 minutes
                 Image Version = Cisco IOS Software [Cupertino], Virtual XE Software (X86_64_LINUX_IOSD-UNIVERSALK9-M), Version 17.9.2a, RELEASE SOFTWARE (fc4)
Technical Support: http://www.cisco.com/techsupport
Copyright (c) 1986-2022 by Cisco Systems, Inc.
Compiled Wed 30-Nov-22 02:47 by mcpre
        Configuration register = 0x2102
             Fast Switchover   = Disabled
                Initial Garp   = Disabled

Peer (slot: 7) information is not available because it is in 'DISABLED' state

Host sandbox-iosxe-latest-1.cisco.com: Command show redundancy was executed successfully with response: Redundant System Information :
------------------------------
       Available system uptime = 1 day, 15 hours, 32 minutes
Switchovers system experienced = 0
              Standby failures = 0
        Last switchover reason = none

                 Hardware Mode = Simplex
    Configured Redundancy Mode = Non-redundant
     Operating Redundancy Mode = Non-redundant
              Maintenance Mode = Disabled
                Communications = Down      Reason: Failure

Current Processor Information :
-------------------------------
               Active Location = slot 6
        Current Software state = ACTIVE
       Uptime in current state = 1 day, 15 hours, 32 minutes
                 Image Version = Cisco IOS Software [Cupertino], Virtual XE Software (X86_64_LINUX_IOSD-UNIVERSALK9-M), Version 17.9.2a, RELEASE SOFTWARE (fc4)
Technical Support: http://www.cisco.com/techsupport
Copyright (c) 1986-2022 by Cisco Systems, Inc.
Compiled Wed 30-Nov-22 02:47 by mcpre
        Configuration register = 0x2102
             Fast Switchover   = Disabled
                Initial Garp   = Disabled

Peer (slot: 7) information is not available because it is in 'DISABLED' state

Host sandbox-iosxe-latest-1.cisco.com: Command show redundancy was executed successfully with response: Redundant System Information :
------------------------------
       Available system uptime = 1 day, 15 hours, 32 minutes
Switchovers system experienced = 0
              Standby failures = 0
        Last switchover reason = none

                 Hardware Mode = Simplex
    Configured Redundancy Mode = Non-redundant
     Operating Redundancy Mode = Non-redundant
              Maintenance Mode = Disabled
                Communications = Down      Reason: Failure

Current Processor Information :
-------------------------------
               Active Location = slot 6
        Current Software state = ACTIVE
       Uptime in current state = 1 day, 15 hours, 32 minutes
                 Image Version = Cisco IOS Software [Cupertino], Virtual XE Software (X86_64_LINUX_IOSD-UNIVERSALK9-M), Version 17.9.2a, RELEASE SOFTWARE (fc4)
Technical Support: http://www.cisco.com/techsupport
Copyright (c) 1986-2022 by Cisco Systems, Inc.
Compiled Wed 30-Nov-22 02:47 by mcpre
        Configuration register = 0x2102
             Fast Switchover   = Disabled
                Initial Garp   = Disabled

Peer (slot: 7) information is not available because it is in 'DISABLED' state

Host sandbox-iosxe-latest-1.cisco.com: Command show redundancy was executed successfully with response: Redundant System Information :
------------------------------
       Available system uptime = 1 day, 15 hours, 32 minutes
Switchovers system experienced = 0
              Standby failures = 0
        Last switchover reason = none

                 Hardware Mode = Simplex
    Configured Redundancy Mode = Non-redundant
     Operating Redundancy Mode = Non-redundant
              Maintenance Mode = Disabled
                Communications = Down      Reason: Failure

Current Processor Information :
-------------------------------
               Active Location = slot 6
        Current Software state = ACTIVE
       Uptime in current state = 1 day, 15 hours, 32 minutes
                 Image Version = Cisco IOS Software [Cupertino], Virtual XE Software (X86_64_LINUX_IOSD-UNIVERSALK9-M), Version 17.9.2a, RELEASE SOFTWARE (fc4)
Technical Support: http://www.cisco.com/techsupport
Copyright (c) 1986-2022 by Cisco Systems, Inc.
Compiled Wed 30-Nov-22 02:47 by mcpre
        Configuration register = 0x2102
             Fast Switchover   = Disabled
                Initial Garp   = Disabled

Peer (slot: 7) information is not available because it is in 'DISABLED' state

Logging initialized for host sandbox-iosxe-latest-1.cisco.com.
Logging initialized for host sandbox-iosxe-latest-1.cisco.com.
Logging initialized for host sandbox-iosxe-latest-1.cisco.com.
Logging initialized for host sandbox-iosxe-latest-1.cisco.com.
Logging initialized for host sandbox-iosxe-latest-1.cisco.com.
Logging initialized for host sandbox-iosxe-latest-1.cisco.com.
Host sandbox-iosxe-latest-1.cisco.com: Command show redundancy was executed successfully with response: Redundant System Information :
------------------------------
       Available system uptime = 1 day, 15 hours, 32 minutes
Switchovers system experienced = 0
              Standby failures = 0
        Last switchover reason = none

                 Hardware Mode = Simplex
    Configured Redundancy Mode = Non-redundant
     Operating Redundancy Mode = Non-redundant
              Maintenance Mode = Disabled
                Communications = Down      Reason: Failure

Current Processor Information :
-------------------------------
               Active Location = slot 6
        Current Software state = ACTIVE
       Uptime in current state = 1 day, 15 hours, 32 minutes
                 Image Version = Cisco IOS Software [Cupertino], Virtual XE Software (X86_64_LINUX_IOSD-UNIVERSALK9-M), Version 17.9.2a, RELEASE SOFTWARE (fc4)
Technical Support: http://www.cisco.com/techsupport
Copyright (c) 1986-2022 by Cisco Systems, Inc.
Compiled Wed 30-Nov-22 02:47 by mcpre
        Configuration register = 0x2102
             Fast Switchover   = Disabled
                Initial Garp   = Disabled

Peer (slot: 7) information is not available because it is in 'DISABLED' state

Host sandbox-iosxe-latest-1.cisco.com: Command show redundancy was executed successfully with response: Redundant System Information :
------------------------------
       Available system uptime = 1 day, 15 hours, 32 minutes
Switchovers system experienced = 0
              Standby failures = 0
        Last switchover reason = none

                 Hardware Mode = Simplex
    Configured Redundancy Mode = Non-redundant
     Operating Redundancy Mode = Non-redundant
              Maintenance Mode = Disabled
                Communications = Down      Reason: Failure

Current Processor Information :
-------------------------------
               Active Location = slot 6
        Current Software state = ACTIVE
       Uptime in current state = 1 day, 15 hours, 32 minutes
                 Image Version = Cisco IOS Software [Cupertino], Virtual XE Software (X86_64_LINUX_IOSD-UNIVERSALK9-M), Version 17.9.2a, RELEASE SOFTWARE (fc4)
Technical Support: http://www.cisco.com/techsupport
Copyright (c) 1986-2022 by Cisco Systems, Inc.
Compiled Wed 30-Nov-22 02:47 by mcpre
        Configuration register = 0x2102
             Fast Switchover   = Disabled
                Initial Garp   = Disabled

Peer (slot: 7) information is not available because it is in 'DISABLED' state

Host sandbox-iosxe-latest-1.cisco.com: Command show redundancy was executed successfully with response: Redundant System Information :
------------------------------
       Available system uptime = 1 day, 15 hours, 32 minutes
Switchovers system experienced = 0
              Standby failures = 0
        Last switchover reason = none

                 Hardware Mode = Simplex
    Configured Redundancy Mode = Non-redundant
     Operating Redundancy Mode = Non-redundant
              Maintenance Mode = Disabled
                Communications = Down      Reason: Failure

Current Processor Information :
-------------------------------
               Active Location = slot 6
        Current Software state = ACTIVE
       Uptime in current state = 1 day, 15 hours, 32 minutes
                 Image Version = Cisco IOS Software [Cupertino], Virtual XE Software (X86_64_LINUX_IOSD-UNIVERSALK9-M), Version 17.9.2a, RELEASE SOFTWARE (fc4)
Technical Support: http://www.cisco.com/techsupport
Copyright (c) 1986-2022 by Cisco Systems, Inc.
Compiled Wed 30-Nov-22 02:47 by mcpre
        Configuration register = 0x2102
             Fast Switchover   = Disabled
                Initial Garp   = Disabled

Peer (slot: 7) information is not available because it is in 'DISABLED' state

Host sandbox-iosxe-latest-1.cisco.com: Command show redundancy was executed successfully with response: Redundant System Information :
------------------------------
       Available system uptime = 1 day, 15 hours, 32 minutes
Switchovers system experienced = 0
              Standby failures = 0
        Last switchover reason = none

                 Hardware Mode = Simplex
    Configured Redundancy Mode = Non-redundant
     Operating Redundancy Mode = Non-redundant
              Maintenance Mode = Disabled
                Communications = Down      Reason: Failure

Current Processor Information :
-------------------------------
               Active Location = slot 6
        Current Software state = ACTIVE
       Uptime in current state = 1 day, 15 hours, 32 minutes
                 Image Version = Cisco IOS Software [Cupertino], Virtual XE Software (X86_64_LINUX_IOSD-UNIVERSALK9-M), Version 17.9.2a, RELEASE SOFTWARE (fc4)
Technical Support: http://www.cisco.com/techsupport
Copyright (c) 1986-2022 by Cisco Systems, Inc.
Compiled Wed 30-Nov-22 02:47 by mcpre
        Configuration register = 0x2102
             Fast Switchover   = Disabled
                Initial Garp   = Disabled

Peer (slot: 7) information is not available because it is in 'DISABLED' state

Host sandbox-iosxe-latest-1.cisco.com: Command show redundancy was executed successfully with response: Redundant System Information :
------------------------------
       Available system uptime = 1 day, 15 hours, 32 minutes
Switchovers system experienced = 0
              Standby failures = 0
        Last switchover reason = none

                 Hardware Mode = Simplex
    Configured Redundancy Mode = Non-redundant
     Operating Redundancy Mode = Non-redundant
              Maintenance Mode = Disabled
                Communications = Down      Reason: Failure

Current Processor Information :
-------------------------------
               Active Location = slot 6
        Current Software state = ACTIVE
       Uptime in current state = 1 day, 15 hours, 32 minutes
                 Image Version = Cisco IOS Software [Cupertino], Virtual XE Software (X86_64_LINUX_IOSD-UNIVERSALK9-M), Version 17.9.2a, RELEASE SOFTWARE (fc4)
Technical Support: http://www.cisco.com/techsupport
Copyright (c) 1986-2022 by Cisco Systems, Inc.
Compiled Wed 30-Nov-22 02:47 by mcpre
        Configuration register = 0x2102
             Fast Switchover   = Disabled
                Initial Garp   = Disabled

Peer (slot: 7) information is not available because it is in 'DISABLED' state

Host sandbox-iosxe-latest-1.cisco.com: Command show redundancy was executed successfully with response: Redundant System Information :
------------------------------
       Available system uptime = 1 day, 15 hours, 32 minutes
Switchovers system experienced = 0
              Standby failures = 0
        Last switchover reason = none

                 Hardware Mode = Simplex
    Configured Redundancy Mode = Non-redundant
     Operating Redundancy Mode = Non-redundant
              Maintenance Mode = Disabled
                Communications = Down      Reason: Failure

Current Processor Information :
-------------------------------
               Active Location = slot 6
        Current Software state = ACTIVE
       Uptime in current state = 1 day, 15 hours, 32 minutes
                 Image Version = Cisco IOS Software [Cupertino], Virtual XE Software (X86_64_LINUX_IOSD-UNIVERSALK9-M), Version 17.9.2a, RELEASE SOFTWARE (fc4)
Technical Support: http://www.cisco.com/techsupport
Copyright (c) 1986-2022 by Cisco Systems, Inc.
Compiled Wed 30-Nov-22 02:47 by mcpre
        Configuration register = 0x2102
             Fast Switchover   = Disabled
                Initial Garp   = Disabled

Peer (slot: 7) information is not available because it is in 'DISABLED' state

Logging initialized for host None.
Logging initialized for host None.
Logging initialized for host None.
Logging initialized for host None.
Logging initialized for host None.
Logging initialized for host None.
Host sandbox-iosxe-latest-1.cisco.com: Command show redundancy was executed successfully with response: Redundant System Information :
------------------------------
       Available system uptime = 1 day, 15 hours, 33 minutes
Switchovers system experienced = 0
              Standby failures = 0
        Last switchover reason = none

                 Hardware Mode = Simplex
    Configured Redundancy Mode = Non-redundant
     Operating Redundancy Mode = Non-redundant
              Maintenance Mode = Disabled
                Communications = Down      Reason: Failure

Current Processor Information :
-------------------------------
               Active Location = slot 6
        Current Software state = ACTIVE
       Uptime in current state = 1 day, 15 hours, 33 minutes
                 Image Version = Cisco IOS Software [Cupertino], Virtual XE Software (X86_64_LINUX_IOSD-UNIVERSALK9-M), Version 17.9.2a, RELEASE SOFTWARE (fc4)
Technical Support: http://www.cisco.com/techsupport
Copyright (c) 1986-2022 by Cisco Systems, Inc.
Compiled Wed 30-Nov-22 02:47 by mcpre
        Configuration register = 0x2102
             Fast Switchover   = Disabled
                Initial Garp   = Disabled

Peer (slot: 7) information is not available because it is in 'DISABLED' state

Host sandbox-iosxe-latest-1.cisco.com: Command show redundancy was executed successfully with response: Redundant System Information :
------------------------------
       Available system uptime = 1 day, 15 hours, 33 minutes
Switchovers system experienced = 0
              Standby failures = 0
        Last switchover reason = none

                 Hardware Mode = Simplex
    Configured Redundancy Mode = Non-redundant
     Operating Redundancy Mode = Non-redundant
              Maintenance Mode = Disabled
                Communications = Down      Reason: Failure

Current Processor Information :
-------------------------------
               Active Location = slot 6
        Current Software state = ACTIVE
       Uptime in current state = 1 day, 15 hours, 33 minutes
                 Image Version = Cisco IOS Software [Cupertino], Virtual XE Software (X86_64_LINUX_IOSD-UNIVERSALK9-M), Version 17.9.2a, RELEASE SOFTWARE (fc4)
Technical Support: http://www.cisco.com/techsupport
Copyright (c) 1986-2022 by Cisco Systems, Inc.
Compiled Wed 30-Nov-22 02:47 by mcpre
        Configuration register = 0x2102
             Fast Switchover   = Disabled
                Initial Garp   = Disabled

Peer (slot: 7) information is not available because it is in 'DISABLED' state

Host sandbox-iosxe-latest-1.cisco.com: Command show redundancy was executed successfully with response: Redundant System Information :
------------------------------
       Available system uptime = 1 day, 15 hours, 33 minutes
Switchovers system experienced = 0
              Standby failures = 0
        Last switchover reason = none

                 Hardware Mode = Simplex
    Configured Redundancy Mode = Non-redundant
     Operating Redundancy Mode = Non-redundant
              Maintenance Mode = Disabled
                Communications = Down      Reason: Failure

Current Processor Information :
-------------------------------
               Active Location = slot 6
        Current Software state = ACTIVE
       Uptime in current state = 1 day, 15 hours, 33 minutes
                 Image Version = Cisco IOS Software [Cupertino], Virtual XE Software (X86_64_LINUX_IOSD-UNIVERSALK9-M), Version 17.9.2a, RELEASE SOFTWARE (fc4)
Technical Support: http://www.cisco.com/techsupport
Copyright (c) 1986-2022 by Cisco Systems, Inc.
Compiled Wed 30-Nov-22 02:47 by mcpre
        Configuration register = 0x2102
             Fast Switchover   = Disabled
                Initial Garp   = Disabled

Peer (slot: 7) information is not available because it is in 'DISABLED' state

Host sandbox-iosxe-latest-1.cisco.com: Command show redundancy was executed successfully with response: Redundant System Information :
------------------------------
       Available system uptime = 1 day, 15 hours, 33 minutes
Switchovers system experienced = 0
              Standby failures = 0
        Last switchover reason = none

                 Hardware Mode = Simplex
    Configured Redundancy Mode = Non-redundant
     Operating Redundancy Mode = Non-redundant
              Maintenance Mode = Disabled
                Communications = Down      Reason: Failure

Current Processor Information :
-------------------------------
               Active Location = slot 6
        Current Software state = ACTIVE
       Uptime in current state = 1 day, 15 hours, 33 minutes
                 Image Version = Cisco IOS Software [Cupertino], Virtual XE Software (X86_64_LINUX_IOSD-UNIVERSALK9-M), Version 17.9.2a, RELEASE SOFTWARE (fc4)
Technical Support: http://www.cisco.com/techsupport
Copyright (c) 1986-2022 by Cisco Systems, Inc.
Compiled Wed 30-Nov-22 02:47 by mcpre
        Configuration register = 0x2102
             Fast Switchover   = Disabled
                Initial Garp   = Disabled

Peer (slot: 7) information is not available because it is in 'DISABLED' state

Host sandbox-iosxe-latest-1.cisco.com: Command show redundancy was executed successfully with response: Redundant System Information :
------------------------------
       Available system uptime = 1 day, 15 hours, 33 minutes
Switchovers system experienced = 0
              Standby failures = 0
        Last switchover reason = none

                 Hardware Mode = Simplex
    Configured Redundancy Mode = Non-redundant
     Operating Redundancy Mode = Non-redundant
              Maintenance Mode = Disabled
                Communications = Down      Reason: Failure

Current Processor Information :
-------------------------------
               Active Location = slot 6
        Current Software state = ACTIVE
       Uptime in current state = 1 day, 15 hours, 33 minutes
                 Image Version = Cisco IOS Software [Cupertino], Virtual XE Software (X86_64_LINUX_IOSD-UNIVERSALK9-M), Version 17.9.2a, RELEASE SOFTWARE (fc4)
Technical Support: http://www.cisco.com/techsupport
Copyright (c) 1986-2022 by Cisco Systems, Inc.
Compiled Wed 30-Nov-22 02:47 by mcpre
        Configuration register = 0x2102
             Fast Switchover   = Disabled
                Initial Garp   = Disabled

Peer (slot: 7) information is not available because it is in 'DISABLED' state

Host sandbox-iosxe-latest-1.cisco.com: Command show redundancy was executed successfully with response: Redundant System Information :
------------------------------
       Available system uptime = 1 day, 15 hours, 33 minutes
Switchovers system experienced = 0
              Standby failures = 0
        Last switchover reason = none

                 Hardware Mode = Simplex
    Configured Redundancy Mode = Non-redundant
     Operating Redundancy Mode = Non-redundant
              Maintenance Mode = Disabled
                Communications = Down      Reason: Failure

Current Processor Information :
-------------------------------
               Active Location = slot 6
        Current Software state = ACTIVE
       Uptime in current state = 1 day, 15 hours, 33 minutes
                 Image Version = Cisco IOS Software [Cupertino], Virtual XE Software (X86_64_LINUX_IOSD-UNIVERSALK9-M), Version 17.9.2a, RELEASE SOFTWARE (fc4)
Technical Support: http://www.cisco.com/techsupport
Copyright (c) 1986-2022 by Cisco Systems, Inc.
Compiled Wed 30-Nov-22 02:47 by mcpre
        Configuration register = 0x2102
             Fast Switchover   = Disabled
                Initial Garp   = Disabled

Peer (slot: 7) information is not available because it is in 'DISABLED' state

Logging initialized for host sandbox-iosxe-latest-1.cisco.com.
Logging initialized for host sandbox-iosxe-latest-1.cisco.com.
Logging initialized for host sandbox-iosxe-latest-1.cisco.com.
Logging initialized for host sandbox-iosxe-latest-1.cisco.com.
Logging initialized for host sandbox-iosxe-latest-1.cisco.com.
Logging initialized for host sandbox-iosxe-latest-1.cisco.com.
Host sandbox-iosxe-latest-1.cisco.com: Command show redundancy was executed successfully with response: Redundant System Information :
------------------------------
       Available system uptime = 1 day, 15 hours, 33 minutes
Switchovers system experienced = 0
              Standby failures = 0
        Last switchover reason = none

                 Hardware Mode = Simplex
    Configured Redundancy Mode = Non-redundant
     Operating Redundancy Mode = Non-redundant
              Maintenance Mode = Disabled
                Communications = Down      Reason: Failure

Current Processor Information :
-------------------------------
               Active Location = slot 6
        Current Software state = ACTIVE
       Uptime in current state = 1 day, 15 hours, 33 minutes
                 Image Version = Cisco IOS Software [Cupertino], Virtual XE Software (X86_64_LINUX_IOSD-UNIVERSALK9-M), Version 17.9.2a, RELEASE SOFTWARE (fc4)
Technical Support: http://www.cisco.com/techsupport
Copyright (c) 1986-2022 by Cisco Systems, Inc.
Compiled Wed 30-Nov-22 02:47 by mcpre
        Configuration register = 0x2102
             Fast Switchover   = Disabled
                Initial Garp   = Disabled

Peer (slot: 7) information is not available because it is in 'DISABLED' state

Host sandbox-iosxe-latest-1.cisco.com: Command show redundancy was executed successfully with response: Redundant System Information :
------------------------------
       Available system uptime = 1 day, 15 hours, 33 minutes
Switchovers system experienced = 0
              Standby failures = 0
        Last switchover reason = none

                 Hardware Mode = Simplex
    Configured Redundancy Mode = Non-redundant
     Operating Redundancy Mode = Non-redundant
              Maintenance Mode = Disabled
                Communications = Down      Reason: Failure

Current Processor Information :
-------------------------------
               Active Location = slot 6
        Current Software state = ACTIVE
       Uptime in current state = 1 day, 15 hours, 33 minutes
                 Image Version = Cisco IOS Software [Cupertino], Virtual XE Software (X86_64_LINUX_IOSD-UNIVERSALK9-M), Version 17.9.2a, RELEASE SOFTWARE (fc4)
Technical Support: http://www.cisco.com/techsupport
Copyright (c) 1986-2022 by Cisco Systems, Inc.
Compiled Wed 30-Nov-22 02:47 by mcpre
        Configuration register = 0x2102
             Fast Switchover   = Disabled
                Initial Garp   = Disabled

Peer (slot: 7) information is not available because it is in 'DISABLED' state

Host sandbox-iosxe-latest-1.cisco.com: Command show redundancy was executed successfully with response: Redundant System Information :
------------------------------
       Available system uptime = 1 day, 15 hours, 33 minutes
Switchovers system experienced = 0
              Standby failures = 0
        Last switchover reason = none

                 Hardware Mode = Simplex
    Configured Redundancy Mode = Non-redundant
     Operating Redundancy Mode = Non-redundant
              Maintenance Mode = Disabled
                Communications = Down      Reason: Failure

Current Processor Information :
-------------------------------
               Active Location = slot 6
        Current Software state = ACTIVE
       Uptime in current state = 1 day, 15 hours, 33 minutes
                 Image Version = Cisco IOS Software [Cupertino], Virtual XE Software (X86_64_LINUX_IOSD-UNIVERSALK9-M), Version 17.9.2a, RELEASE SOFTWARE (fc4)
Technical Support: http://www.cisco.com/techsupport
Copyright (c) 1986-2022 by Cisco Systems, Inc.
Compiled Wed 30-Nov-22 02:47 by mcpre
        Configuration register = 0x2102
             Fast Switchover   = Disabled
                Initial Garp   = Disabled

Peer (slot: 7) information is not available because it is in 'DISABLED' state

Host sandbox-iosxe-latest-1.cisco.com: Command show redundancy was executed successfully with response: Redundant System Information :
------------------------------
       Available system uptime = 1 day, 15 hours, 33 minutes
Switchovers system experienced = 0
              Standby failures = 0
        Last switchover reason = none

                 Hardware Mode = Simplex
    Configured Redundancy Mode = Non-redundant
     Operating Redundancy Mode = Non-redundant
              Maintenance Mode = Disabled
                Communications = Down      Reason: Failure

Current Processor Information :
-------------------------------
               Active Location = slot 6
        Current Software state = ACTIVE
       Uptime in current state = 1 day, 15 hours, 33 minutes
                 Image Version = Cisco IOS Software [Cupertino], Virtual XE Software (X86_64_LINUX_IOSD-UNIVERSALK9-M), Version 17.9.2a, RELEASE SOFTWARE (fc4)
Technical Support: http://www.cisco.com/techsupport
Copyright (c) 1986-2022 by Cisco Systems, Inc.
Compiled Wed 30-Nov-22 02:47 by mcpre
        Configuration register = 0x2102
             Fast Switchover   = Disabled
                Initial Garp   = Disabled

Peer (slot: 7) information is not available because it is in 'DISABLED' state

Host sandbox-iosxe-latest-1.cisco.com: Command show redundancy was executed successfully with response: Redundant System Information :
------------------------------
       Available system uptime = 1 day, 15 hours, 33 minutes
Switchovers system experienced = 0
              Standby failures = 0
        Last switchover reason = none

                 Hardware Mode = Simplex
    Configured Redundancy Mode = Non-redundant
     Operating Redundancy Mode = Non-redundant
              Maintenance Mode = Disabled
                Communications = Down      Reason: Failure

Current Processor Information :
-------------------------------
               Active Location = slot 6
        Current Software state = ACTIVE
       Uptime in current state = 1 day, 15 hours, 33 minutes
                 Image Version = Cisco IOS Software [Cupertino], Virtual XE Software (X86_64_LINUX_IOSD-UNIVERSALK9-M), Version 17.9.2a, RELEASE SOFTWARE (fc4)
Technical Support: http://www.cisco.com/techsupport
Copyright (c) 1986-2022 by Cisco Systems, Inc.
Compiled Wed 30-Nov-22 02:47 by mcpre
        Configuration register = 0x2102
             Fast Switchover   = Disabled
                Initial Garp   = Disabled

Peer (slot: 7) information is not available because it is in 'DISABLED' state

Host sandbox-iosxe-latest-1.cisco.com: Command show redundancy was executed successfully with response: Redundant System Information :
------------------------------
       Available system uptime = 1 day, 15 hours, 33 minutes
Switchovers system experienced = 0
              Standby failures = 0
        Last switchover reason = none

                 Hardware Mode = Simplex
    Configured Redundancy Mode = Non-redundant
     Operating Redundancy Mode = Non-redundant
              Maintenance Mode = Disabled
                Communications = Down      Reason: Failure

Current Processor Information :
-------------------------------
               Active Location = slot 6
        Current Software state = ACTIVE
       Uptime in current state = 1 day, 15 hours, 33 minutes
                 Image Version = Cisco IOS Software [Cupertino], Virtual XE Software (X86_64_LINUX_IOSD-UNIVERSALK9-M), Version 17.9.2a, RELEASE SOFTWARE (fc4)
Technical Support: http://www.cisco.com/techsupport
Copyright (c) 1986-2022 by Cisco Systems, Inc.
Compiled Wed 30-Nov-22 02:47 by mcpre
        Configuration register = 0x2102
             Fast Switchover   = Disabled
                Initial Garp   = Disabled

Peer (slot: 7) information is not available because it is in 'DISABLED' state

Logging initialized for host None.
Logging initialized for host None.
Logging initialized for host None.
Logging initialized for host None.
Logging initialized for host None.
Logging initialized for host None.
Host sandbox-iosxe-latest-1.cisco.com: Command show redundancy was executed successfully with response: Redundant System Information :
------------------------------
       Available system uptime = 1 day, 15 hours, 34 minutes
Switchovers system experienced = 0
              Standby failures = 0
        Last switchover reason = none

                 Hardware Mode = Simplex
    Configured Redundancy Mode = Non-redundant
     Operating Redundancy Mode = Non-redundant
              Maintenance Mode = Disabled
                Communications = Down      Reason: Failure

Current Processor Information :
-------------------------------
               Active Location = slot 6
        Current Software state = ACTIVE
       Uptime in current state = 1 day, 15 hours, 34 minutes
                 Image Version = Cisco IOS Software [Cupertino], Virtual XE Software (X86_64_LINUX_IOSD-UNIVERSALK9-M), Version 17.9.2a, RELEASE SOFTWARE (fc4)
Technical Support: http://www.cisco.com/techsupport
Copyright (c) 1986-2022 by Cisco Systems, Inc.
Compiled Wed 30-Nov-22 02:47 by mcpre
        Configuration register = 0x2102
             Fast Switchover   = Disabled
                Initial Garp   = Disabled

Peer (slot: 7) information is not available because it is in 'DISABLED' state

Host sandbox-iosxe-latest-1.cisco.com: Command show redundancy was executed successfully with response: Redundant System Information :
------------------------------
       Available system uptime = 1 day, 15 hours, 34 minutes
Switchovers system experienced = 0
              Standby failures = 0
        Last switchover reason = none

                 Hardware Mode = Simplex
    Configured Redundancy Mode = Non-redundant
     Operating Redundancy Mode = Non-redundant
              Maintenance Mode = Disabled
                Communications = Down      Reason: Failure

Current Processor Information :
-------------------------------
               Active Location = slot 6
        Current Software state = ACTIVE
       Uptime in current state = 1 day, 15 hours, 34 minutes
                 Image Version = Cisco IOS Software [Cupertino], Virtual XE Software (X86_64_LINUX_IOSD-UNIVERSALK9-M), Version 17.9.2a, RELEASE SOFTWARE (fc4)
Technical Support: http://www.cisco.com/techsupport
Copyright (c) 1986-2022 by Cisco Systems, Inc.
Compiled Wed 30-Nov-22 02:47 by mcpre
        Configuration register = 0x2102
             Fast Switchover   = Disabled
                Initial Garp   = Disabled

Peer (slot: 7) information is not available because it is in 'DISABLED' state

Host sandbox-iosxe-latest-1.cisco.com: Command show redundancy was executed successfully with response: Redundant System Information :
------------------------------
       Available system uptime = 1 day, 15 hours, 34 minutes
Switchovers system experienced = 0
              Standby failures = 0
        Last switchover reason = none

                 Hardware Mode = Simplex
    Configured Redundancy Mode = Non-redundant
     Operating Redundancy Mode = Non-redundant
              Maintenance Mode = Disabled
                Communications = Down      Reason: Failure

Current Processor Information :
-------------------------------
               Active Location = slot 6
        Current Software state = ACTIVE
       Uptime in current state = 1 day, 15 hours, 34 minutes
                 Image Version = Cisco IOS Software [Cupertino], Virtual XE Software (X86_64_LINUX_IOSD-UNIVERSALK9-M), Version 17.9.2a, RELEASE SOFTWARE (fc4)
Technical Support: http://www.cisco.com/techsupport
Copyright (c) 1986-2022 by Cisco Systems, Inc.
Compiled Wed 30-Nov-22 02:47 by mcpre
        Configuration register = 0x2102
             Fast Switchover   = Disabled
                Initial Garp   = Disabled

Peer (slot: 7) information is not available because it is in 'DISABLED' state

Host sandbox-iosxe-latest-1.cisco.com: Command show redundancy was executed successfully with response: Redundant System Information :
------------------------------
       Available system uptime = 1 day, 15 hours, 34 minutes
Switchovers system experienced = 0
              Standby failures = 0
        Last switchover reason = none

                 Hardware Mode = Simplex
    Configured Redundancy Mode = Non-redundant
     Operating Redundancy Mode = Non-redundant
              Maintenance Mode = Disabled
                Communications = Down      Reason: Failure

Current Processor Information :
-------------------------------
               Active Location = slot 6
        Current Software state = ACTIVE
       Uptime in current state = 1 day, 15 hours, 34 minutes
                 Image Version = Cisco IOS Software [Cupertino], Virtual XE Software (X86_64_LINUX_IOSD-UNIVERSALK9-M), Version 17.9.2a, RELEASE SOFTWARE (fc4)
Technical Support: http://www.cisco.com/techsupport
Copyright (c) 1986-2022 by Cisco Systems, Inc.
Compiled Wed 30-Nov-22 02:47 by mcpre
        Configuration register = 0x2102
             Fast Switchover   = Disabled
                Initial Garp   = Disabled

Peer (slot: 7) information is not available because it is in 'DISABLED' state

Host sandbox-iosxe-latest-1.cisco.com: Command show redundancy was executed successfully with response: Redundant System Information :
------------------------------
       Available system uptime = 1 day, 15 hours, 34 minutes
Switchovers system experienced = 0
              Standby failures = 0
        Last switchover reason = none

                 Hardware Mode = Simplex
    Configured Redundancy Mode = Non-redundant
     Operating Redundancy Mode = Non-redundant
              Maintenance Mode = Disabled
                Communications = Down      Reason: Failure

Current Processor Information :
-------------------------------
               Active Location = slot 6
        Current Software state = ACTIVE
       Uptime in current state = 1 day, 15 hours, 34 minutes
                 Image Version = Cisco IOS Software [Cupertino], Virtual XE Software (X86_64_LINUX_IOSD-UNIVERSALK9-M), Version 17.9.2a, RELEASE SOFTWARE (fc4)
Technical Support: http://www.cisco.com/techsupport
Copyright (c) 1986-2022 by Cisco Systems, Inc.
Compiled Wed 30-Nov-22 02:47 by mcpre
        Configuration register = 0x2102
             Fast Switchover   = Disabled
                Initial Garp   = Disabled

Peer (slot: 7) information is not available because it is in 'DISABLED' state

Host sandbox-iosxe-latest-1.cisco.com: Command show redundancy was executed successfully with response: Redundant System Information :
------------------------------
       Available system uptime = 1 day, 15 hours, 34 minutes
Switchovers system experienced = 0
              Standby failures = 0
        Last switchover reason = none

                 Hardware Mode = Simplex
    Configured Redundancy Mode = Non-redundant
     Operating Redundancy Mode = Non-redundant
              Maintenance Mode = Disabled
                Communications = Down      Reason: Failure

Current Processor Information :
-------------------------------
               Active Location = slot 6
        Current Software state = ACTIVE
       Uptime in current state = 1 day, 15 hours, 34 minutes
                 Image Version = Cisco IOS Software [Cupertino], Virtual XE Software (X86_64_LINUX_IOSD-UNIVERSALK9-M), Version 17.9.2a, RELEASE SOFTWARE (fc4)
Technical Support: http://www.cisco.com/techsupport
Copyright (c) 1986-2022 by Cisco Systems, Inc.
Compiled Wed 30-Nov-22 02:47 by mcpre
        Configuration register = 0x2102
             Fast Switchover   = Disabled
                Initial Garp   = Disabled

Peer (slot: 7) information is not available because it is in 'DISABLED' state

Logging initialized for host sandbox-iosxe-latest-1.cisco.com.
Logging initialized for host sandbox-iosxe-latest-1.cisco.com.
Logging initialized for host sandbox-iosxe-latest-1.cisco.com.
Logging initialized for host sandbox-iosxe-latest-1.cisco.com.
Logging initialized for host sandbox-iosxe-latest-1.cisco.com.
Logging initialized for host sandbox-iosxe-latest-1.cisco.com.
Host sandbox-iosxe-latest-1.cisco.com: Command show redundancy was executed successfully with response: Redundant System Information :
------------------------------
       Available system uptime = 1 day, 15 hours, 34 minutes
Switchovers system experienced = 0
              Standby failures = 0
        Last switchover reason = none

                 Hardware Mode = Simplex
    Configured Redundancy Mode = Non-redundant
     Operating Redundancy Mode = Non-redundant
              Maintenance Mode = Disabled
                Communications = Down      Reason: Failure

Current Processor Information :
-------------------------------
               Active Location = slot 6
        Current Software state = ACTIVE
       Uptime in current state = 1 day, 15 hours, 34 minutes
                 Image Version = Cisco IOS Software [Cupertino], Virtual XE Software (X86_64_LINUX_IOSD-UNIVERSALK9-M), Version 17.9.2a, RELEASE SOFTWARE (fc4)
Technical Support: http://www.cisco.com/techsupport
Copyright (c) 1986-2022 by Cisco Systems, Inc.
Compiled Wed 30-Nov-22 02:47 by mcpre
        Configuration register = 0x2102
             Fast Switchover   = Disabled
                Initial Garp   = Disabled

Peer (slot: 7) information is not available because it is in 'DISABLED' state

Host sandbox-iosxe-latest-1.cisco.com: Command show redundancy was executed successfully with response: Redundant System Information :
------------------------------
       Available system uptime = 1 day, 15 hours, 34 minutes
Switchovers system experienced = 0
              Standby failures = 0
        Last switchover reason = none

                 Hardware Mode = Simplex
    Configured Redundancy Mode = Non-redundant
     Operating Redundancy Mode = Non-redundant
              Maintenance Mode = Disabled
                Communications = Down      Reason: Failure

Current Processor Information :
-------------------------------
               Active Location = slot 6
        Current Software state = ACTIVE
       Uptime in current state = 1 day, 15 hours, 34 minutes
                 Image Version = Cisco IOS Software [Cupertino], Virtual XE Software (X86_64_LINUX_IOSD-UNIVERSALK9-M), Version 17.9.2a, RELEASE SOFTWARE (fc4)
Technical Support: http://www.cisco.com/techsupport
Copyright (c) 1986-2022 by Cisco Systems, Inc.
Compiled Wed 30-Nov-22 02:47 by mcpre
        Configuration register = 0x2102
             Fast Switchover   = Disabled
                Initial Garp   = Disabled

Peer (slot: 7) information is not available because it is in 'DISABLED' state

Host sandbox-iosxe-latest-1.cisco.com: Command show redundancy was executed successfully with response: Redundant System Information :
------------------------------
       Available system uptime = 1 day, 15 hours, 34 minutes
Switchovers system experienced = 0
              Standby failures = 0
        Last switchover reason = none

                 Hardware Mode = Simplex
    Configured Redundancy Mode = Non-redundant
     Operating Redundancy Mode = Non-redundant
              Maintenance Mode = Disabled
                Communications = Down      Reason: Failure

Current Processor Information :
-------------------------------
               Active Location = slot 6
        Current Software state = ACTIVE
       Uptime in current state = 1 day, 15 hours, 34 minutes
                 Image Version = Cisco IOS Software [Cupertino], Virtual XE Software (X86_64_LINUX_IOSD-UNIVERSALK9-M), Version 17.9.2a, RELEASE SOFTWARE (fc4)
Technical Support: http://www.cisco.com/techsupport
Copyright (c) 1986-2022 by Cisco Systems, Inc.
Compiled Wed 30-Nov-22 02:47 by mcpre
        Configuration register = 0x2102
             Fast Switchover   = Disabled
                Initial Garp   = Disabled

Peer (slot: 7) information is not available because it is in 'DISABLED' state

Host sandbox-iosxe-latest-1.cisco.com: Command show redundancy was executed successfully with response: Redundant System Information :
------------------------------
       Available system uptime = 1 day, 15 hours, 34 minutes
Switchovers system experienced = 0
              Standby failures = 0
        Last switchover reason = none

                 Hardware Mode = Simplex
    Configured Redundancy Mode = Non-redundant
     Operating Redundancy Mode = Non-redundant
              Maintenance Mode = Disabled
                Communications = Down      Reason: Failure

Current Processor Information :
-------------------------------
               Active Location = slot 6
        Current Software state = ACTIVE
       Uptime in current state = 1 day, 15 hours, 34 minutes
                 Image Version = Cisco IOS Software [Cupertino], Virtual XE Software (X86_64_LINUX_IOSD-UNIVERSALK9-M), Version 17.9.2a, RELEASE SOFTWARE (fc4)
Technical Support: http://www.cisco.com/techsupport
Copyright (c) 1986-2022 by Cisco Systems, Inc.
Compiled Wed 30-Nov-22 02:47 by mcpre
        Configuration register = 0x2102
             Fast Switchover   = Disabled
                Initial Garp   = Disabled

Peer (slot: 7) information is not available because it is in 'DISABLED' state

Host sandbox-iosxe-latest-1.cisco.com: Command show redundancy was executed successfully with response: Redundant System Information :
------------------------------
       Available system uptime = 1 day, 15 hours, 34 minutes
Switchovers system experienced = 0
              Standby failures = 0
        Last switchover reason = none

                 Hardware Mode = Simplex
    Configured Redundancy Mode = Non-redundant
     Operating Redundancy Mode = Non-redundant
              Maintenance Mode = Disabled
                Communications = Down      Reason: Failure

Current Processor Information :
-------------------------------
               Active Location = slot 6
        Current Software state = ACTIVE
       Uptime in current state = 1 day, 15 hours, 34 minutes
                 Image Version = Cisco IOS Software [Cupertino], Virtual XE Software (X86_64_LINUX_IOSD-UNIVERSALK9-M), Version 17.9.2a, RELEASE SOFTWARE (fc4)
Technical Support: http://www.cisco.com/techsupport
Copyright (c) 1986-2022 by Cisco Systems, Inc.
Compiled Wed 30-Nov-22 02:47 by mcpre
        Configuration register = 0x2102
             Fast Switchover   = Disabled
                Initial Garp   = Disabled

Peer (slot: 7) information is not available because it is in 'DISABLED' state

Host sandbox-iosxe-latest-1.cisco.com: Command show redundancy was executed successfully with response: Redundant System Information :
------------------------------
       Available system uptime = 1 day, 15 hours, 34 minutes
Switchovers system experienced = 0
              Standby failures = 0
        Last switchover reason = none

                 Hardware Mode = Simplex
    Configured Redundancy Mode = Non-redundant
     Operating Redundancy Mode = Non-redundant
              Maintenance Mode = Disabled
                Communications = Down      Reason: Failure

Current Processor Information :
-------------------------------
               Active Location = slot 6
        Current Software state = ACTIVE
       Uptime in current state = 1 day, 15 hours, 34 minutes
                 Image Version = Cisco IOS Software [Cupertino], Virtual XE Software (X86_64_LINUX_IOSD-UNIVERSALK9-M), Version 17.9.2a, RELEASE SOFTWARE (fc4)
Technical Support: http://www.cisco.com/techsupport
Copyright (c) 1986-2022 by Cisco Systems, Inc.
Compiled Wed 30-Nov-22 02:47 by mcpre
        Configuration register = 0x2102
             Fast Switchover   = Disabled
                Initial Garp   = Disabled

Peer (slot: 7) information is not available because it is in 'DISABLED' state

Logging initialized for host None.
Logging initialized for host None.
Logging initialized for host None.
Logging initialized for host None.
Logging initialized for host None.
Logging initialized for host None.
Host sandbox-iosxe-recomm-1.cisco.com: Command show redundancy was executed successfully with response: Redundant System Information :
------------------------------
       Available system uptime = 1 day, 21 hours, 34 minutes
Switchovers system experienced = 0
              Standby failures = 0
        Last switchover reason = none

                 Hardware Mode = Simplex
    Configured Redundancy Mode = Non-redundant
     Operating Redundancy Mode = Non-redundant
              Maintenance Mode = Disabled
                Communications = Down      Reason: Failure

Current Processor Information :
-------------------------------
               Active Location = slot 6
        Current Software state = ACTIVE
       Uptime in current state = 1 day, 21 hours, 34 minutes
                 Image Version = Cisco IOS Software [Fuji], Virtual XE Software (X86_64_LINUX_IOSD-UNIVERSALK9-M), Version 16.9.3, RELEASE SOFTWARE (fc2)
Technical Support: http://www.cisco.com/techsupport
Copyright (c) 1986-2019 by Cisco Systems, Inc.
Compiled Wed 20-Mar-19 07:56 by mcpre
        Configuration register = 0x2102

Peer (slot: 7) information is not available because it is in 'DISABLED' state

Host sandbox-iosxe-recomm-1.cisco.com: Command show redundancy was executed successfully with response: Redundant System Information :
------------------------------
       Available system uptime = 1 day, 21 hours, 34 minutes
Switchovers system experienced = 0
              Standby failures = 0
        Last switchover reason = none

                 Hardware Mode = Simplex
    Configured Redundancy Mode = Non-redundant
     Operating Redundancy Mode = Non-redundant
              Maintenance Mode = Disabled
                Communications = Down      Reason: Failure

Current Processor Information :
-------------------------------
               Active Location = slot 6
        Current Software state = ACTIVE
       Uptime in current state = 1 day, 21 hours, 34 minutes
                 Image Version = Cisco IOS Software [Fuji], Virtual XE Software (X86_64_LINUX_IOSD-UNIVERSALK9-M), Version 16.9.3, RELEASE SOFTWARE (fc2)
Technical Support: http://www.cisco.com/techsupport
Copyright (c) 1986-2019 by Cisco Systems, Inc.
Compiled Wed 20-Mar-19 07:56 by mcpre
        Configuration register = 0x2102

Peer (slot: 7) information is not available because it is in 'DISABLED' state

Host sandbox-iosxe-recomm-1.cisco.com: Command show redundancy was executed successfully with response: Redundant System Information :
------------------------------
       Available system uptime = 1 day, 21 hours, 34 minutes
Switchovers system experienced = 0
              Standby failures = 0
        Last switchover reason = none

                 Hardware Mode = Simplex
    Configured Redundancy Mode = Non-redundant
     Operating Redundancy Mode = Non-redundant
              Maintenance Mode = Disabled
                Communications = Down      Reason: Failure

Current Processor Information :
-------------------------------
               Active Location = slot 6
        Current Software state = ACTIVE
       Uptime in current state = 1 day, 21 hours, 34 minutes
                 Image Version = Cisco IOS Software [Fuji], Virtual XE Software (X86_64_LINUX_IOSD-UNIVERSALK9-M), Version 16.9.3, RELEASE SOFTWARE (fc2)
Technical Support: http://www.cisco.com/techsupport
Copyright (c) 1986-2019 by Cisco Systems, Inc.
Compiled Wed 20-Mar-19 07:56 by mcpre
        Configuration register = 0x2102

Peer (slot: 7) information is not available because it is in 'DISABLED' state

Host sandbox-iosxe-recomm-1.cisco.com: Command show redundancy was executed successfully with response: Redundant System Information :
------------------------------
       Available system uptime = 1 day, 21 hours, 34 minutes
Switchovers system experienced = 0
              Standby failures = 0
        Last switchover reason = none

                 Hardware Mode = Simplex
    Configured Redundancy Mode = Non-redundant
     Operating Redundancy Mode = Non-redundant
              Maintenance Mode = Disabled
                Communications = Down      Reason: Failure

Current Processor Information :
-------------------------------
               Active Location = slot 6
        Current Software state = ACTIVE
       Uptime in current state = 1 day, 21 hours, 34 minutes
                 Image Version = Cisco IOS Software [Fuji], Virtual XE Software (X86_64_LINUX_IOSD-UNIVERSALK9-M), Version 16.9.3, RELEASE SOFTWARE (fc2)
Technical Support: http://www.cisco.com/techsupport
Copyright (c) 1986-2019 by Cisco Systems, Inc.
Compiled Wed 20-Mar-19 07:56 by mcpre
        Configuration register = 0x2102

Peer (slot: 7) information is not available because it is in 'DISABLED' state

Host sandbox-iosxe-recomm-1.cisco.com: Command show redundancy was executed successfully with response: Redundant System Information :
------------------------------
       Available system uptime = 1 day, 21 hours, 34 minutes
Switchovers system experienced = 0
              Standby failures = 0
        Last switchover reason = none

                 Hardware Mode = Simplex
    Configured Redundancy Mode = Non-redundant
     Operating Redundancy Mode = Non-redundant
              Maintenance Mode = Disabled
                Communications = Down      Reason: Failure

Current Processor Information :
-------------------------------
               Active Location = slot 6
        Current Software state = ACTIVE
       Uptime in current state = 1 day, 21 hours, 34 minutes
                 Image Version = Cisco IOS Software [Fuji], Virtual XE Software (X86_64_LINUX_IOSD-UNIVERSALK9-M), Version 16.9.3, RELEASE SOFTWARE (fc2)
Technical Support: http://www.cisco.com/techsupport
Copyright (c) 1986-2019 by Cisco Systems, Inc.
Compiled Wed 20-Mar-19 07:56 by mcpre
        Configuration register = 0x2102

Peer (slot: 7) information is not available because it is in 'DISABLED' state

Host sandbox-iosxe-recomm-1.cisco.com: Command show redundancy was executed successfully with response: Redundant System Information :
------------------------------
       Available system uptime = 1 day, 21 hours, 34 minutes
Switchovers system experienced = 0
              Standby failures = 0
        Last switchover reason = none

                 Hardware Mode = Simplex
    Configured Redundancy Mode = Non-redundant
     Operating Redundancy Mode = Non-redundant
              Maintenance Mode = Disabled
                Communications = Down      Reason: Failure

Current Processor Information :
-------------------------------
               Active Location = slot 6
        Current Software state = ACTIVE
       Uptime in current state = 1 day, 21 hours, 34 minutes
                 Image Version = Cisco IOS Software [Fuji], Virtual XE Software (X86_64_LINUX_IOSD-UNIVERSALK9-M), Version 16.9.3, RELEASE SOFTWARE (fc2)
Technical Support: http://www.cisco.com/techsupport
Copyright (c) 1986-2019 by Cisco Systems, Inc.
Compiled Wed 20-Mar-19 07:56 by mcpre
        Configuration register = 0x2102

Peer (slot: 7) information is not available because it is in 'DISABLED' state

Logging initialized for host sandbox-iosxe-recomm-1.cisco.com.
Logging initialized for host sandbox-iosxe-recomm-1.cisco.com.
Logging initialized for host sandbox-iosxe-recomm-1.cisco.com.
Logging initialized for host sandbox-iosxe-recomm-1.cisco.com.
Logging initialized for host sandbox-iosxe-recomm-1.cisco.com.
Logging initialized for host sandbox-iosxe-recomm-1.cisco.com.
Host sandbox-iosxe-recomm-1.cisco.com: Command show redundancy was executed successfully with response: Redundant System Information :
------------------------------
       Available system uptime = 1 day, 21 hours, 34 minutes
Switchovers system experienced = 0
              Standby failures = 0
        Last switchover reason = none

                 Hardware Mode = Simplex
    Configured Redundancy Mode = Non-redundant
     Operating Redundancy Mode = Non-redundant
              Maintenance Mode = Disabled
                Communications = Down      Reason: Failure

Current Processor Information :
-------------------------------
               Active Location = slot 6
        Current Software state = ACTIVE
       Uptime in current state = 1 day, 21 hours, 34 minutes
                 Image Version = Cisco IOS Software [Fuji], Virtual XE Software (X86_64_LINUX_IOSD-UNIVERSALK9-M), Version 16.9.3, RELEASE SOFTWARE (fc2)
Technical Support: http://www.cisco.com/techsupport
Copyright (c) 1986-2019 by Cisco Systems, Inc.
Compiled Wed 20-Mar-19 07:56 by mcpre
        Configuration register = 0x2102

Peer (slot: 7) information is not available because it is in 'DISABLED' state

Host sandbox-iosxe-recomm-1.cisco.com: Command show redundancy was executed successfully with response: Redundant System Information :
------------------------------
       Available system uptime = 1 day, 21 hours, 34 minutes
Switchovers system experienced = 0
              Standby failures = 0
        Last switchover reason = none

                 Hardware Mode = Simplex
    Configured Redundancy Mode = Non-redundant
     Operating Redundancy Mode = Non-redundant
              Maintenance Mode = Disabled
                Communications = Down      Reason: Failure

Current Processor Information :
-------------------------------
               Active Location = slot 6
        Current Software state = ACTIVE
       Uptime in current state = 1 day, 21 hours, 34 minutes
                 Image Version = Cisco IOS Software [Fuji], Virtual XE Software (X86_64_LINUX_IOSD-UNIVERSALK9-M), Version 16.9.3, RELEASE SOFTWARE (fc2)
Technical Support: http://www.cisco.com/techsupport
Copyright (c) 1986-2019 by Cisco Systems, Inc.
Compiled Wed 20-Mar-19 07:56 by mcpre
        Configuration register = 0x2102

Peer (slot: 7) information is not available because it is in 'DISABLED' state

Host sandbox-iosxe-recomm-1.cisco.com: Command show redundancy was executed successfully with response: Redundant System Information :
------------------------------
       Available system uptime = 1 day, 21 hours, 34 minutes
Switchovers system experienced = 0
              Standby failures = 0
        Last switchover reason = none

                 Hardware Mode = Simplex
    Configured Redundancy Mode = Non-redundant
     Operating Redundancy Mode = Non-redundant
              Maintenance Mode = Disabled
                Communications = Down      Reason: Failure

Current Processor Information :
-------------------------------
               Active Location = slot 6
        Current Software state = ACTIVE
       Uptime in current state = 1 day, 21 hours, 34 minutes
                 Image Version = Cisco IOS Software [Fuji], Virtual XE Software (X86_64_LINUX_IOSD-UNIVERSALK9-M), Version 16.9.3, RELEASE SOFTWARE (fc2)
Technical Support: http://www.cisco.com/techsupport
Copyright (c) 1986-2019 by Cisco Systems, Inc.
Compiled Wed 20-Mar-19 07:56 by mcpre
        Configuration register = 0x2102

Peer (slot: 7) information is not available because it is in 'DISABLED' state

Host sandbox-iosxe-recomm-1.cisco.com: Command show redundancy was executed successfully with response: Redundant System Information :
------------------------------
       Available system uptime = 1 day, 21 hours, 34 minutes
Switchovers system experienced = 0
              Standby failures = 0
        Last switchover reason = none

                 Hardware Mode = Simplex
    Configured Redundancy Mode = Non-redundant
     Operating Redundancy Mode = Non-redundant
              Maintenance Mode = Disabled
                Communications = Down      Reason: Failure

Current Processor Information :
-------------------------------
               Active Location = slot 6
        Current Software state = ACTIVE
       Uptime in current state = 1 day, 21 hours, 34 minutes
                 Image Version = Cisco IOS Software [Fuji], Virtual XE Software (X86_64_LINUX_IOSD-UNIVERSALK9-M), Version 16.9.3, RELEASE SOFTWARE (fc2)
Technical Support: http://www.cisco.com/techsupport
Copyright (c) 1986-2019 by Cisco Systems, Inc.
Compiled Wed 20-Mar-19 07:56 by mcpre
        Configuration register = 0x2102

Peer (slot: 7) information is not available because it is in 'DISABLED' state

Host sandbox-iosxe-recomm-1.cisco.com: Command show redundancy was executed successfully with response: Redundant System Information :
------------------------------
       Available system uptime = 1 day, 21 hours, 34 minutes
Switchovers system experienced = 0
              Standby failures = 0
        Last switchover reason = none

                 Hardware Mode = Simplex
    Configured Redundancy Mode = Non-redundant
     Operating Redundancy Mode = Non-redundant
              Maintenance Mode = Disabled
                Communications = Down      Reason: Failure

Current Processor Information :
-------------------------------
               Active Location = slot 6
        Current Software state = ACTIVE
       Uptime in current state = 1 day, 21 hours, 34 minutes
                 Image Version = Cisco IOS Software [Fuji], Virtual XE Software (X86_64_LINUX_IOSD-UNIVERSALK9-M), Version 16.9.3, RELEASE SOFTWARE (fc2)
Technical Support: http://www.cisco.com/techsupport
Copyright (c) 1986-2019 by Cisco Systems, Inc.
Compiled Wed 20-Mar-19 07:56 by mcpre
        Configuration register = 0x2102

Peer (slot: 7) information is not available because it is in 'DISABLED' state

Host sandbox-iosxe-recomm-1.cisco.com: Command show redundancy was executed successfully with response: Redundant System Information :
------------------------------
       Available system uptime = 1 day, 21 hours, 34 minutes
Switchovers system experienced = 0
              Standby failures = 0
        Last switchover reason = none

                 Hardware Mode = Simplex
    Configured Redundancy Mode = Non-redundant
     Operating Redundancy Mode = Non-redundant
              Maintenance Mode = Disabled
                Communications = Down      Reason: Failure

Current Processor Information :
-------------------------------
               Active Location = slot 6
        Current Software state = ACTIVE
       Uptime in current state = 1 day, 21 hours, 34 minutes
                 Image Version = Cisco IOS Software [Fuji], Virtual XE Software (X86_64_LINUX_IOSD-UNIVERSALK9-M), Version 16.9.3, RELEASE SOFTWARE (fc2)
Technical Support: http://www.cisco.com/techsupport
Copyright (c) 1986-2019 by Cisco Systems, Inc.
Compiled Wed 20-Mar-19 07:56 by mcpre
        Configuration register = 0x2102

Peer (slot: 7) information is not available because it is in 'DISABLED' state

Logging initialized for host None.
Logging initialized for host None.
Logging initialized for host None.
Logging initialized for host None.
Logging initialized for host None.
Logging initialized for host None.
Host sandbox-iosxe-recomm-1.cisco.com: Command show redundancy was executed successfully with response: Redundant System Information :
------------------------------
       Available system uptime = 1 day, 21 hours, 34 minutes
Switchovers system experienced = 0
              Standby failures = 0
        Last switchover reason = none

                 Hardware Mode = Simplex
    Configured Redundancy Mode = Non-redundant
     Operating Redundancy Mode = Non-redundant
              Maintenance Mode = Disabled
                Communications = Down      Reason: Failure

Current Processor Information :
-------------------------------
               Active Location = slot 6
        Current Software state = ACTIVE
       Uptime in current state = 1 day, 21 hours, 34 minutes
                 Image Version = Cisco IOS Software [Fuji], Virtual XE Software (X86_64_LINUX_IOSD-UNIVERSALK9-M), Version 16.9.3, RELEASE SOFTWARE (fc2)
Technical Support: http://www.cisco.com/techsupport
Copyright (c) 1986-2019 by Cisco Systems, Inc.
Compiled Wed 20-Mar-19 07:56 by mcpre
        Configuration register = 0x2102

Peer (slot: 7) information is not available because it is in 'DISABLED' state

Host sandbox-iosxe-recomm-1.cisco.com: Command show redundancy was executed successfully with response: Redundant System Information :
------------------------------
       Available system uptime = 1 day, 21 hours, 34 minutes
Switchovers system experienced = 0
              Standby failures = 0
        Last switchover reason = none

                 Hardware Mode = Simplex
    Configured Redundancy Mode = Non-redundant
     Operating Redundancy Mode = Non-redundant
              Maintenance Mode = Disabled
                Communications = Down      Reason: Failure

Current Processor Information :
-------------------------------
               Active Location = slot 6
        Current Software state = ACTIVE
       Uptime in current state = 1 day, 21 hours, 34 minutes
                 Image Version = Cisco IOS Software [Fuji], Virtual XE Software (X86_64_LINUX_IOSD-UNIVERSALK9-M), Version 16.9.3, RELEASE SOFTWARE (fc2)
Technical Support: http://www.cisco.com/techsupport
Copyright (c) 1986-2019 by Cisco Systems, Inc.
Compiled Wed 20-Mar-19 07:56 by mcpre
        Configuration register = 0x2102

Peer (slot: 7) information is not available because it is in 'DISABLED' state

Host sandbox-iosxe-recomm-1.cisco.com: Command show redundancy was executed successfully with response: Redundant System Information :
------------------------------
       Available system uptime = 1 day, 21 hours, 34 minutes
Switchovers system experienced = 0
              Standby failures = 0
        Last switchover reason = none

                 Hardware Mode = Simplex
    Configured Redundancy Mode = Non-redundant
     Operating Redundancy Mode = Non-redundant
              Maintenance Mode = Disabled
                Communications = Down      Reason: Failure

Current Processor Information :
-------------------------------
               Active Location = slot 6
        Current Software state = ACTIVE
       Uptime in current state = 1 day, 21 hours, 34 minutes
                 Image Version = Cisco IOS Software [Fuji], Virtual XE Software (X86_64_LINUX_IOSD-UNIVERSALK9-M), Version 16.9.3, RELEASE SOFTWARE (fc2)
Technical Support: http://www.cisco.com/techsupport
Copyright (c) 1986-2019 by Cisco Systems, Inc.
Compiled Wed 20-Mar-19 07:56 by mcpre
        Configuration register = 0x2102

Peer (slot: 7) information is not available because it is in 'DISABLED' state

Host sandbox-iosxe-recomm-1.cisco.com: Command show redundancy was executed successfully with response: Redundant System Information :
------------------------------
       Available system uptime = 1 day, 21 hours, 34 minutes
Switchovers system experienced = 0
              Standby failures = 0
        Last switchover reason = none

                 Hardware Mode = Simplex
    Configured Redundancy Mode = Non-redundant
     Operating Redundancy Mode = Non-redundant
              Maintenance Mode = Disabled
                Communications = Down      Reason: Failure

Current Processor Information :
-------------------------------
               Active Location = slot 6
        Current Software state = ACTIVE
       Uptime in current state = 1 day, 21 hours, 34 minutes
                 Image Version = Cisco IOS Software [Fuji], Virtual XE Software (X86_64_LINUX_IOSD-UNIVERSALK9-M), Version 16.9.3, RELEASE SOFTWARE (fc2)
Technical Support: http://www.cisco.com/techsupport
Copyright (c) 1986-2019 by Cisco Systems, Inc.
Compiled Wed 20-Mar-19 07:56 by mcpre
        Configuration register = 0x2102

Peer (slot: 7) information is not available because it is in 'DISABLED' state

Host sandbox-iosxe-recomm-1.cisco.com: Command show redundancy was executed successfully with response: Redundant System Information :
------------------------------
       Available system uptime = 1 day, 21 hours, 34 minutes
Switchovers system experienced = 0
              Standby failures = 0
        Last switchover reason = none

                 Hardware Mode = Simplex
    Configured Redundancy Mode = Non-redundant
     Operating Redundancy Mode = Non-redundant
              Maintenance Mode = Disabled
                Communications = Down      Reason: Failure

Current Processor Information :
-------------------------------
               Active Location = slot 6
        Current Software state = ACTIVE
       Uptime in current state = 1 day, 21 hours, 34 minutes
                 Image Version = Cisco IOS Software [Fuji], Virtual XE Software (X86_64_LINUX_IOSD-UNIVERSALK9-M), Version 16.9.3, RELEASE SOFTWARE (fc2)
Technical Support: http://www.cisco.com/techsupport
Copyright (c) 1986-2019 by Cisco Systems, Inc.
Compiled Wed 20-Mar-19 07:56 by mcpre
        Configuration register = 0x2102

Peer (slot: 7) information is not available because it is in 'DISABLED' state

Host sandbox-iosxe-recomm-1.cisco.com: Command show redundancy was executed successfully with response: Redundant System Information :
------------------------------
       Available system uptime = 1 day, 21 hours, 34 minutes
Switchovers system experienced = 0
              Standby failures = 0
        Last switchover reason = none

                 Hardware Mode = Simplex
    Configured Redundancy Mode = Non-redundant
     Operating Redundancy Mode = Non-redundant
              Maintenance Mode = Disabled
                Communications = Down      Reason: Failure

Current Processor Information :
-------------------------------
               Active Location = slot 6
        Current Software state = ACTIVE
       Uptime in current state = 1 day, 21 hours, 34 minutes
                 Image Version = Cisco IOS Software [Fuji], Virtual XE Software (X86_64_LINUX_IOSD-UNIVERSALK9-M), Version 16.9.3, RELEASE SOFTWARE (fc2)
Technical Support: http://www.cisco.com/techsupport
Copyright (c) 1986-2019 by Cisco Systems, Inc.
Compiled Wed 20-Mar-19 07:56 by mcpre
        Configuration register = 0x2102

Peer (slot: 7) information is not available because it is in 'DISABLED' state

Logging initialized for host sandbox-iosxe-recomm-1.cisco.com.
Logging initialized for host sandbox-iosxe-recomm-1.cisco.com.
Logging initialized for host sandbox-iosxe-recomm-1.cisco.com.
Logging initialized for host sandbox-iosxe-recomm-1.cisco.com.
Logging initialized for host sandbox-iosxe-recomm-1.cisco.com.
Logging initialized for host sandbox-iosxe-recomm-1.cisco.com.
Host sandbox-iosxe-recomm-1.cisco.com: Command show redundancy was executed successfully with response: Redundant System Information :
------------------------------
       Available system uptime = 1 day, 21 hours, 35 minutes
Switchovers system experienced = 0
              Standby failures = 0
        Last switchover reason = none

                 Hardware Mode = Simplex
    Configured Redundancy Mode = Non-redundant
     Operating Redundancy Mode = Non-redundant
              Maintenance Mode = Disabled
                Communications = Down      Reason: Failure

Current Processor Information :
-------------------------------
               Active Location = slot 6
        Current Software state = ACTIVE
       Uptime in current state = 1 day, 21 hours, 34 minutes
                 Image Version = Cisco IOS Software [Fuji], Virtual XE Software (X86_64_LINUX_IOSD-UNIVERSALK9-M), Version 16.9.3, RELEASE SOFTWARE (fc2)
Technical Support: http://www.cisco.com/techsupport
Copyright (c) 1986-2019 by Cisco Systems, Inc.
Compiled Wed 20-Mar-19 07:56 by mcpre
        Configuration register = 0x2102

Peer (slot: 7) information is not available because it is in 'DISABLED' state

Host sandbox-iosxe-recomm-1.cisco.com: Command show redundancy was executed successfully with response: Redundant System Information :
------------------------------
       Available system uptime = 1 day, 21 hours, 35 minutes
Switchovers system experienced = 0
              Standby failures = 0
        Last switchover reason = none

                 Hardware Mode = Simplex
    Configured Redundancy Mode = Non-redundant
     Operating Redundancy Mode = Non-redundant
              Maintenance Mode = Disabled
                Communications = Down      Reason: Failure

Current Processor Information :
-------------------------------
               Active Location = slot 6
        Current Software state = ACTIVE
       Uptime in current state = 1 day, 21 hours, 34 minutes
                 Image Version = Cisco IOS Software [Fuji], Virtual XE Software (X86_64_LINUX_IOSD-UNIVERSALK9-M), Version 16.9.3, RELEASE SOFTWARE (fc2)
Technical Support: http://www.cisco.com/techsupport
Copyright (c) 1986-2019 by Cisco Systems, Inc.
Compiled Wed 20-Mar-19 07:56 by mcpre
        Configuration register = 0x2102

Peer (slot: 7) information is not available because it is in 'DISABLED' state

Host sandbox-iosxe-recomm-1.cisco.com: Command show redundancy was executed successfully with response: Redundant System Information :
------------------------------
       Available system uptime = 1 day, 21 hours, 35 minutes
Switchovers system experienced = 0
              Standby failures = 0
        Last switchover reason = none

                 Hardware Mode = Simplex
    Configured Redundancy Mode = Non-redundant
     Operating Redundancy Mode = Non-redundant
              Maintenance Mode = Disabled
                Communications = Down      Reason: Failure

Current Processor Information :
-------------------------------
               Active Location = slot 6
        Current Software state = ACTIVE
       Uptime in current state = 1 day, 21 hours, 34 minutes
                 Image Version = Cisco IOS Software [Fuji], Virtual XE Software (X86_64_LINUX_IOSD-UNIVERSALK9-M), Version 16.9.3, RELEASE SOFTWARE (fc2)
Technical Support: http://www.cisco.com/techsupport
Copyright (c) 1986-2019 by Cisco Systems, Inc.
Compiled Wed 20-Mar-19 07:56 by mcpre
        Configuration register = 0x2102

Peer (slot: 7) information is not available because it is in 'DISABLED' state

Host sandbox-iosxe-recomm-1.cisco.com: Command show redundancy was executed successfully with response: Redundant System Information :
------------------------------
       Available system uptime = 1 day, 21 hours, 35 minutes
Switchovers system experienced = 0
              Standby failures = 0
        Last switchover reason = none

                 Hardware Mode = Simplex
    Configured Redundancy Mode = Non-redundant
     Operating Redundancy Mode = Non-redundant
              Maintenance Mode = Disabled
                Communications = Down      Reason: Failure

Current Processor Information :
-------------------------------
               Active Location = slot 6
        Current Software state = ACTIVE
       Uptime in current state = 1 day, 21 hours, 34 minutes
                 Image Version = Cisco IOS Software [Fuji], Virtual XE Software (X86_64_LINUX_IOSD-UNIVERSALK9-M), Version 16.9.3, RELEASE SOFTWARE (fc2)
Technical Support: http://www.cisco.com/techsupport
Copyright (c) 1986-2019 by Cisco Systems, Inc.
Compiled Wed 20-Mar-19 07:56 by mcpre
        Configuration register = 0x2102

Peer (slot: 7) information is not available because it is in 'DISABLED' state

Host sandbox-iosxe-recomm-1.cisco.com: Command show redundancy was executed successfully with response: Redundant System Information :
------------------------------
       Available system uptime = 1 day, 21 hours, 35 minutes
Switchovers system experienced = 0
              Standby failures = 0
        Last switchover reason = none

                 Hardware Mode = Simplex
    Configured Redundancy Mode = Non-redundant
     Operating Redundancy Mode = Non-redundant
              Maintenance Mode = Disabled
                Communications = Down      Reason: Failure

Current Processor Information :
-------------------------------
               Active Location = slot 6
        Current Software state = ACTIVE
       Uptime in current state = 1 day, 21 hours, 34 minutes
                 Image Version = Cisco IOS Software [Fuji], Virtual XE Software (X86_64_LINUX_IOSD-UNIVERSALK9-M), Version 16.9.3, RELEASE SOFTWARE (fc2)
Technical Support: http://www.cisco.com/techsupport
Copyright (c) 1986-2019 by Cisco Systems, Inc.
Compiled Wed 20-Mar-19 07:56 by mcpre
        Configuration register = 0x2102

Peer (slot: 7) information is not available because it is in 'DISABLED' state

Host sandbox-iosxe-recomm-1.cisco.com: Command show redundancy was executed successfully with response: Redundant System Information :
------------------------------
       Available system uptime = 1 day, 21 hours, 35 minutes
Switchovers system experienced = 0
              Standby failures = 0
        Last switchover reason = none

                 Hardware Mode = Simplex
    Configured Redundancy Mode = Non-redundant
     Operating Redundancy Mode = Non-redundant
              Maintenance Mode = Disabled
                Communications = Down      Reason: Failure

Current Processor Information :
-------------------------------
               Active Location = slot 6
        Current Software state = ACTIVE
       Uptime in current state = 1 day, 21 hours, 34 minutes
                 Image Version = Cisco IOS Software [Fuji], Virtual XE Software (X86_64_LINUX_IOSD-UNIVERSALK9-M), Version 16.9.3, RELEASE SOFTWARE (fc2)
Technical Support: http://www.cisco.com/techsupport
Copyright (c) 1986-2019 by Cisco Systems, Inc.
Compiled Wed 20-Mar-19 07:56 by mcpre
        Configuration register = 0x2102

Peer (slot: 7) information is not available because it is in 'DISABLED' state

